{"/Users/rocalicode/Documents/dev/t1/expo-env.d.ts": {"path":"/Users/rocalicode/Documents/dev/t1/expo-env.d.ts","statementMap":{},"fnMap":{},"branchMap":{},"s":{},"f":{},"b":{}}
,"/Users/rocalicode/Documents/dev/t1/.expo/types/router.d.ts": {"path":"/Users/rocalicode/Documents/dev/t1/.expo/types/router.d.ts","statementMap":{},"fnMap":{},"branchMap":{},"s":{},"f":{},"b":{}}
,"/Users/rocalicode/Documents/dev/t1/app/_layout.tsx": {"path":"/Users/rocalicode/Documents/dev/t1/app/_layout.tsx","statementMap":{"0":{"start":{"line":9,"column":0},"end":{"line":9,"column":36}},"1":{"start":{"line":12,"column":19},"end":{"line":12,"column":32}},"2":{"start":{"line":13,"column":17},"end":{"line":13,"column":40}},"3":{"start":{"line":15,"column":2},"end":{"line":17,"column":25}},"4":{"start":{"line":16,"column":4},"end":{"line":16,"column":53}},"5":{"start":{"line":19,"column":24},"end":{"line":23,"column":4}},"6":{"start":{"line":25,"column":27},"end":{"line":29,"column":19}},"7":{"start":{"line":26,"column":4},"end":{"line":28,"column":5}},"8":{"start":{"line":27,"column":6},"end":{"line":27,"column":37}},"9":{"start":{"line":31,"column":2},"end":{"line":33,"column":3}},"10":{"start":{"line":32,"column":4},"end":{"line":32,"column":16}},"11":{"start":{"line":35,"column":2},"end":{"line":41,"column":4}}},"fnMap":{"0":{"name":"RootLayout","decl":{"start":{"line":11,"column":24},"end":{"line":11,"column":34}},"loc":{"start":{"line":11,"column":37},"end":{"line":42,"column":1}},"line":11},"1":{"name":"(anonymous_1)","decl":{"start":{"line":15,"column":12},"end":{"line":15,"column":13}},"loc":{"start":{"line":15,"column":18},"end":{"line":17,"column":3}},"line":15},"2":{"name":"(anonymous_2)","decl":{"start":{"line":25,"column":39},"end":{"line":25,"column":40}},"loc":{"start":{"line":25,"column":51},"end":{"line":29,"column":3}},"line":25}},"branchMap":{"0":{"loc":{"start":{"line":26,"column":4},"end":{"line":28,"column":5}},"type":"if","locations":[{"start":{"line":26,"column":4},"end":{"line":28,"column":5}},{"start":{},"end":{}}],"line":26},"1":{"loc":{"start":{"line":31,"column":2},"end":{"line":33,"column":3}},"type":"if","locations":[{"start":{"line":31,"column":2},"end":{"line":33,"column":3}},{"start":{},"end":{}}],"line":31}},"s":{"0":0,"1":0,"2":0,"3":0,"4":0,"5":0,"6":0,"7":0,"8":0,"9":0,"10":0,"11":0},"f":{"0":0,"1":0,"2":0},"b":{"0":[0,0],"1":[0,0]}}
,"/Users/rocalicode/Documents/dev/t1/app/index.tsx": {"path":"/Users/rocalicode/Documents/dev/t1/app/index.tsx","statementMap":{},"fnMap":{},"branchMap":{},"s":{},"f":{},"b":{}}
,"/Users/rocalicode/Documents/dev/t1/app/(tabs)/characters/[id].tsx": {"path":"/Users/rocalicode/Documents/dev/t1/app/(tabs)/characters/[id].tsx","statementMap":{"0":{"start":{"line":15,"column":2},"end":{"line":29,"column":4}},"1":{"start":{"line":33,"column":17},"end":{"line":33,"column":55}},"2":{"start":{"line":34,"column":41},"end":{"line":34,"column":66}},"3":{"start":{"line":35,"column":2},"end":{"line":35,"column":69}}},"fnMap":{"0":{"name":"CharacterUI","decl":{"start":{"line":14,"column":16},"end":{"line":14,"column":27}},"loc":{"start":{"line":14,"column":71},"end":{"line":30,"column":1}},"line":14},"1":{"name":"CharacterDetail","decl":{"start":{"line":32,"column":24},"end":{"line":32,"column":39}},"loc":{"start":{"line":32,"column":42},"end":{"line":36,"column":1}},"line":32}},"branchMap":{"0":{"loc":{"start":{"line":18,"column":7},"end":{"line":22,"column":7}},"type":"cond-expr","locations":[{"start":{"line":19,"column":8},"end":{"line":19,"column":19}},{"start":{"line":21,"column":8},"end":{"line":21,"column":70}}],"line":18},"1":{"loc":{"start":{"line":18,"column":7},"end":{"line":18,"column":30}},"type":"binary-expr","locations":[{"start":{"line":18,"column":7},"end":{"line":18,"column":16}},{"start":{"line":18,"column":20},"end":{"line":18,"column":30}}],"line":18}},"s":{"0":2,"1":2,"2":2,"3":2},"f":{"0":2,"1":2},"b":{"0":[1,1],"1":[2,0]},"_coverageSchema":"1a1c01bbd47fc00a2c39e90264f33305004495a9","hash":"29b109e1186beb68c16a7a46e783d1e662903ab0"}
,"/Users/rocalicode/Documents/dev/t1/app/(tabs)/characters/index.tsx": {"path":"/Users/rocalicode/Documents/dev/t1/app/(tabs)/characters/index.tsx","statementMap":{"0":{"start":{"line":27,"column":21},"end":{"line":35,"column":3}},"1":{"start":{"line":28,"column":4},"end":{"line":34,"column":6}},"2":{"start":{"line":32,"column":23},"end":{"line":32,"column":56}},"3":{"start":{"line":37,"column":2},"end":{"line":55,"column":4}},"4":{"start":{"line":45,"column":48},"end":{"line":45,"column":67}},"5":{"start":{"line":47,"column":28},"end":{"line":47,"column":41}},"6":{"start":{"line":59,"column":66},"end":{"line":59,"column":88}},"7":{"start":{"line":62,"column":4},"end":{"line":63,"column":6}},"8":{"start":{"line":62,"column":30},"end":{"line":62,"column":48}},"9":{"start":{"line":62,"column":74},"end":{"line":62,"column":92}},"10":{"start":{"line":65,"column":2},"end":{"line":76,"column":4}},"11":{"start":{"line":70,"column":44},"end":{"line":70,"column":85}},"12":{"start":{"line":71,"column":23},"end":{"line":71,"column":32}},"13":{"start":{"line":73,"column":8},"end":{"line":73,"column":24}}},"fnMap":{"0":{"name":"CharactersUI","decl":{"start":{"line":19,"column":16},"end":{"line":19,"column":28}},"loc":{"start":{"line":26,"column":21},"end":{"line":56,"column":1}},"line":26},"1":{"name":"(anonymous_1)","decl":{"start":{"line":27,"column":21},"end":{"line":27,"column":22}},"loc":{"start":{"line":27,"column":67},"end":{"line":35,"column":3}},"line":27},"2":{"name":"(anonymous_2)","decl":{"start":{"line":32,"column":17},"end":{"line":32,"column":18}},"loc":{"start":{"line":32,"column":23},"end":{"line":32,"column":56}},"line":32},"3":{"name":"(anonymous_3)","decl":{"start":{"line":45,"column":22},"end":{"line":45,"column":23}},"loc":{"start":{"line":45,"column":48},"end":{"line":45,"column":67}},"line":45},"4":{"name":"(anonymous_4)","decl":{"start":{"line":47,"column":22},"end":{"line":47,"column":23}},"loc":{"start":{"line":47,"column":28},"end":{"line":47,"column":41}},"line":47},"5":{"name":"Characters","decl":{"start":{"line":58,"column":24},"end":{"line":58,"column":34}},"loc":{"start":{"line":58,"column":37},"end":{"line":77,"column":1}},"line":58},"6":{"name":"(anonymous_6)","decl":{"start":{"line":62,"column":20},"end":{"line":62,"column":21}},"loc":{"start":{"line":62,"column":30},"end":{"line":62,"column":48}},"line":62},"7":{"name":"(anonymous_7)","decl":{"start":{"line":62,"column":57},"end":{"line":62,"column":58}},"loc":{"start":{"line":62,"column":74},"end":{"line":62,"column":92}},"line":62},"8":{"name":"(anonymous_8)","decl":{"start":{"line":70,"column":27},"end":{"line":70,"column":28}},"loc":{"start":{"line":70,"column":44},"end":{"line":70,"column":85}},"line":70},"9":{"name":"(anonymous_9)","decl":{"start":{"line":71,"column":17},"end":{"line":71,"column":18}},"loc":{"start":{"line":71,"column":23},"end":{"line":71,"column":32}},"line":71},"10":{"name":"(anonymous_10)","decl":{"start":{"line":72,"column":19},"end":{"line":72,"column":20}},"loc":{"start":{"line":72,"column":25},"end":{"line":74,"column":7}},"line":72}},"branchMap":{"0":{"loc":{"start":{"line":21,"column":2},"end":{"line":21,"column":19}},"type":"default-arg","locations":[{"start":{"line":21,"column":14},"end":{"line":21,"column":19}}],"line":21},"1":{"loc":{"start":{"line":22,"column":2},"end":{"line":22,"column":20}},"type":"default-arg","locations":[{"start":{"line":22,"column":15},"end":{"line":22,"column":20}}],"line":22},"2":{"loc":{"start":{"line":44,"column":29},"end":{"line":44,"column":60}},"type":"cond-expr","locations":[{"start":{"line":44,"column":42},"end":{"line":44,"column":53}},{"start":{"line":44,"column":56},"end":{"line":44,"column":60}}],"line":44},"3":{"loc":{"start":{"line":62,"column":4},"end":{"line":63,"column":6}},"type":"binary-expr","locations":[{"start":{"line":62,"column":4},"end":{"line":62,"column":97}},{"start":{"line":63,"column":4},"end":{"line":63,"column":6}}],"line":62},"4":{"loc":{"start":{"line":62,"column":30},"end":{"line":62,"column":48}},"type":"binary-expr","locations":[{"start":{"line":62,"column":30},"end":{"line":62,"column":42}},{"start":{"line":62,"column":46},"end":{"line":62,"column":48}}],"line":62}},"s":{"0":2,"1":10,"2":1,"3":2,"4":13,"5":0,"6":2,"7":2,"8":1,"9":1,"10":2,"11":1,"12":0,"13":0},"f":{"0":2,"1":10,"2":1,"3":13,"4":0,"5":2,"6":1,"7":1,"8":1,"9":0,"10":0},"b":{"0":[0],"1":[0],"2":[1,1],"3":[2,1],"4":[1,0]},"_coverageSchema":"1a1c01bbd47fc00a2c39e90264f33305004495a9","hash":"f4c3ad899e22629084e28c1173cf3e6a53cbd0a7"}
,"/Users/rocalicode/Documents/dev/t1/components/Card/index.tsx": {"path":"/Users/rocalicode/Documents/dev/t1/components/Card/index.tsx","statementMap":{"0":{"start":{"line":5,"column":18},"end":{"line":11,"column":1}},"1":{"start":{"line":9,"column":33},"end":{"line":9,"column":54}},"2":{"start":{"line":13,"column":14},"end":{"line":18,"column":1}},"3":{"start":{"line":17,"column":33},"end":{"line":17,"column":54}},"4":{"start":{"line":20,"column":16},"end":{"line":22,"column":1}},"5":{"start":{"line":31,"column":2},"end":{"line":43,"column":4}}},"fnMap":{"0":{"name":"(anonymous_0)","decl":{"start":{"line":9,"column":18},"end":{"line":9,"column":19}},"loc":{"start":{"line":9,"column":33},"end":{"line":9,"column":54}},"line":9},"1":{"name":"(anonymous_1)","decl":{"start":{"line":17,"column":18},"end":{"line":17,"column":19}},"loc":{"start":{"line":17,"column":33},"end":{"line":17,"column":54}},"line":17},"2":{"name":"Card","decl":{"start":{"line":30,"column":16},"end":{"line":30,"column":20}},"loc":{"start":{"line":30,"column":63},"end":{"line":44,"column":1}},"line":30}},"branchMap":{},"s":{"0":2,"1":11,"2":2,"3":11,"4":2,"5":11},"f":{"0":11,"1":11,"2":11},"b":{},"_coverageSchema":"1a1c01bbd47fc00a2c39e90264f33305004495a9","hash":"0c09c088ccdb120ff53717e848e147d9cbd41e48"}
,"/Users/rocalicode/Documents/dev/t1/components/NavHeader/index.tsx": {"path":"/Users/rocalicode/Documents/dev/t1/components/NavHeader/index.tsx","statementMap":{"0":{"start":{"line":4,"column":18},"end":{"line":10,"column":1}},"1":{"start":{"line":8,"column":33},"end":{"line":8,"column":54}},"2":{"start":{"line":14,"column":17},"end":{"line":18,"column":1}},"3":{"start":{"line":26,"column":2},"end":{"line":33,"column":4}}},"fnMap":{"0":{"name":"(anonymous_0)","decl":{"start":{"line":8,"column":18},"end":{"line":8,"column":19}},"loc":{"start":{"line":8,"column":33},"end":{"line":8,"column":54}},"line":8},"1":{"name":"NavHeader","decl":{"start":{"line":25,"column":16},"end":{"line":25,"column":25}},"loc":{"start":{"line":25,"column":57},"end":{"line":34,"column":1}},"line":25}},"branchMap":{},"s":{"0":2,"1":4,"2":2,"3":4},"f":{"0":4,"1":4},"b":{},"_coverageSchema":"1a1c01bbd47fc00a2c39e90264f33305004495a9","hash":"8549ba0cdff6cd1d650220fbb73d607ff491ddd6"}
,"/Users/rocalicode/Documents/dev/t1/components/style/index.tsx": {"path":"/Users/rocalicode/Documents/dev/t1/components/style/index.tsx","statementMap":{"0":{"start":{"line":3,"column":25},"end":{"line":5,"column":1}},"1":{"start":{"line":7,"column":26},"end":{"line":9,"column":1}},"2":{"start":{"line":11,"column":24},"end":{"line":13,"column":1}},"3":{"start":{"line":21,"column":22},"end":{"line":29,"column":1}},"4":{"start":{"line":22,"column":52},"end":{"line":27,"column":3}},"5":{"start":{"line":28,"column":2},"end":{"line":28,"column":30}},"6":{"start":{"line":31,"column":20},"end":{"line":39,"column":1}},"7":{"start":{"line":32,"column":52},"end":{"line":37,"column":3}},"8":{"start":{"line":38,"column":2},"end":{"line":38,"column":30}},"9":{"start":{"line":41,"column":20},"end":{"line":46,"column":1}},"10":{"start":{"line":42,"column":28},"end":{"line":42,"column":71}},"11":{"start":{"line":43,"column":48},"end":{"line":43,"column":75}},"12":{"start":{"line":44,"column":26},"end":{"line":44,"column":47}},"13":{"start":{"line":45,"column":39},"end":{"line":45,"column":57}},"14":{"start":{"line":48,"column":23},"end":{"line":48,"column":49}},"15":{"start":{"line":50,"column":30},"end":{"line":50,"column":53}}},"fnMap":{"0":{"name":"(anonymous_0)","decl":{"start":{"line":21,"column":22},"end":{"line":21,"column":23}},"loc":{"start":{"line":21,"column":69},"end":{"line":29,"column":1}},"line":21},"1":{"name":"(anonymous_1)","decl":{"start":{"line":31,"column":20},"end":{"line":31,"column":21}},"loc":{"start":{"line":31,"column":46},"end":{"line":39,"column":1}},"line":31},"2":{"name":"(anonymous_2)","decl":{"start":{"line":42,"column":4},"end":{"line":42,"column":5}},"loc":{"start":{"line":42,"column":28},"end":{"line":42,"column":71}},"line":42},"3":{"name":"(anonymous_3)","decl":{"start":{"line":43,"column":17},"end":{"line":43,"column":18}},"loc":{"start":{"line":43,"column":48},"end":{"line":43,"column":75}},"line":43},"4":{"name":"(anonymous_4)","decl":{"start":{"line":44,"column":11},"end":{"line":44,"column":12}},"loc":{"start":{"line":44,"column":26},"end":{"line":44,"column":47}},"line":44},"5":{"name":"(anonymous_5)","decl":{"start":{"line":45,"column":15},"end":{"line":45,"column":16}},"loc":{"start":{"line":45,"column":39},"end":{"line":45,"column":57}},"line":45}},"branchMap":{"0":{"loc":{"start":{"line":42,"column":7},"end":{"line":42,"column":21}},"type":"default-arg","locations":[{"start":{"line":42,"column":15},"end":{"line":42,"column":21}}],"line":42},"1":{"loc":{"start":{"line":42,"column":28},"end":{"line":42,"column":71}},"type":"binary-expr","locations":[{"start":{"line":42,"column":28},"end":{"line":42,"column":57}},{"start":{"line":42,"column":61},"end":{"line":42,"column":71}}],"line":42},"2":{"loc":{"start":{"line":43,"column":20},"end":{"line":43,"column":34}},"type":"default-arg","locations":[{"start":{"line":43,"column":28},"end":{"line":43,"column":34}}],"line":43},"3":{"loc":{"start":{"line":45,"column":18},"end":{"line":45,"column":32}},"type":"default-arg","locations":[{"start":{"line":45,"column":26},"end":{"line":45,"column":32}}],"line":45}},"s":{"0":2,"1":2,"2":2,"3":2,"4":74,"5":74,"6":2,"7":74,"8":74,"9":2,"10":74,"11":74,"12":74,"13":74,"14":2,"15":2},"f":{"0":74,"1":74,"2":74,"3":74,"4":74,"5":74},"b":{"0":[0],"1":[74,15],"2":[0],"3":[0]},"_coverageSchema":"1a1c01bbd47fc00a2c39e90264f33305004495a9","hash":"b0228660f91d209e43d6204490e5aecaefe81ebe"}
,"/Users/rocalicode/Documents/dev/t1/config/i18n/index.ts": {"path":"/Users/rocalicode/Documents/dev/t1/config/i18n/index.ts","statementMap":{"0":{"start":{"line":4,"column":13},"end":{"line":9,"column":2}},"1":{"start":{"line":11,"column":0},"end":{"line":11,"column":27}},"2":{"start":{"line":12,"column":0},"end":{"line":12,"column":26}},"3":{"start":{"line":13,"column":0},"end":{"line":13,"column":34}},"4":{"start":{"line":15,"column":61},"end":{"line":15,"column":83}}},"fnMap":{"0":{"name":"(anonymous_0)","decl":{"start":{"line":15,"column":15},"end":{"line":15,"column":16}},"loc":{"start":{"line":15,"column":61},"end":{"line":15,"column":83}},"line":15}},"branchMap":{},"s":{"0":2,"1":2,"2":2,"3":2,"4":4},"f":{"0":4},"b":{},"_coverageSchema":"1a1c01bbd47fc00a2c39e90264f33305004495a9","hash":"ffdad0ab76a33be4ee7734cadc03fa3d60f71301"}
,"/Users/rocalicode/Documents/dev/t1/config/theme/index.tsx": {"path":"/Users/rocalicode/Documents/dev/t1/config/theme/index.tsx","statementMap":{"0":{"start":{"line":6,"column":35},"end":{"line":42,"column":1}},"1":{"start":{"line":44,"column":34},"end":{"line":80,"column":1}},"2":{"start":{"line":85,"column":28},"end":{"line":89,"column":1}},"3":{"start":{"line":86,"column":22},"end":{"line":86,"column":38}},"4":{"start":{"line":87,"column":16},"end":{"line":87,"column":53}},"5":{"start":{"line":88,"column":2},"end":{"line":88,"column":65}}},"fnMap":{"0":{"name":"(anonymous_0)","decl":{"start":{"line":85,"column":28},"end":{"line":85,"column":29}},"loc":{"start":{"line":85,"column":73},"end":{"line":89,"column":1}},"line":85}},"branchMap":{"0":{"loc":{"start":{"line":87,"column":16},"end":{"line":87,"column":53}},"type":"cond-expr","locations":[{"start":{"line":87,"column":41},"end":{"line":87,"column":45}},{"start":{"line":87,"column":48},"end":{"line":87,"column":53}}],"line":87}},"s":{"0":2,"1":2,"2":2,"3":2,"4":2,"5":2},"f":{"0":2},"b":{"0":[0,2]},"_coverageSchema":"1a1c01bbd47fc00a2c39e90264f33305004495a9","hash":"aed511adad526c6941d7c9c858562a19a602b476"}
,"/Users/rocalicode/Documents/dev/t1/config/theme/types.d.ts": {"path":"/Users/rocalicode/Documents/dev/t1/config/theme/types.d.ts","statementMap":{},"fnMap":{},"branchMap":{},"s":{},"f":{},"b":{}}
,"/Users/rocalicode/Documents/dev/t1/context/index.tsx": {"path":"/Users/rocalicode/Documents/dev/t1/context/index.tsx","statementMap":{"0":{"start":{"line":5,"column":20},"end":{"line":5,"column":37}},"1":{"start":{"line":10,"column":21},"end":{"line":16,"column":1}},"2":{"start":{"line":11,"column":2},"end":{"line":15,"column":4}}},"fnMap":{"0":{"name":"(anonymous_0)","decl":{"start":{"line":10,"column":21},"end":{"line":10,"column":22}},"loc":{"start":{"line":10,"column":58},"end":{"line":16,"column":1}},"line":10}},"branchMap":{},"s":{"0":2,"1":2,"2":2},"f":{"0":2},"b":{},"_coverageSchema":"1a1c01bbd47fc00a2c39e90264f33305004495a9","hash":"e43d1039c088c991f4c44be4f463719ce7490d22"}
,"/Users/rocalicode/Documents/dev/t1/data/api.ts": {"path":"/Users/rocalicode/Documents/dev/t1/data/api.ts","statementMap":{"0":{"start":{"line":13,"column":23},"end":{"line":13,"column":56}},"1":{"start":{"line":15,"column":29},"end":{"line":18,"column":2}}},"fnMap":{},"branchMap":{},"s":{"0":2,"1":2},"f":{},"b":{},"_coverageSchema":"1a1c01bbd47fc00a2c39e90264f33305004495a9","hash":"461f46a6369c6eb97aca6421d1f264cbf2064bf1"}
,"/Users/rocalicode/Documents/dev/t1/data/mock.ts": {"path":"/Users/rocalicode/Documents/dev/t1/data/mock.ts","statementMap":{"0":{"start":{"line":3,"column":38},"end":{"line":25,"column":1}},"1":{"start":{"line":27,"column":38},"end":{"line":49,"column":1}}},"fnMap":{},"branchMap":{},"s":{"0":2,"1":2},"f":{},"b":{},"_coverageSchema":"1a1c01bbd47fc00a2c39e90264f33305004495a9","hash":"8c700908215fbacb9703b399e9020cd1bd50f75d"}
,"/Users/rocalicode/Documents/dev/t1/data/model.ts": {"path":"/Users/rocalicode/Documents/dev/t1/data/model.ts","statementMap":{},"fnMap":{},"branchMap":{},"s":{},"f":{},"b":{}}
,"/Users/rocalicode/Documents/dev/t1/data/hooks/characters.ts": {"path":"/Users/rocalicode/Documents/dev/t1/data/hooks/characters.ts","statementMap":{"0":{"start":{"line":18,"column":22},"end":{"line":18,"column":40}},"1":{"start":{"line":19,"column":6},"end":{"line":21,"column":7}},"2":{"start":{"line":20,"column":8},"end":{"line":20,"column":58}},"3":{"start":{"line":22,"column":6},"end":{"line":22,"column":19}},"4":{"start":{"line":26,"column":2},"end":{"line":30,"column":4}},"5":{"start":{"line":28,"column":27},"end":{"line":28,"column":61}},"6":{"start":{"line":40,"column":2},"end":{"line":40,"column":72}},"7":{"start":{"line":40,"column":45},"end":{"line":40,"column":61}}},"fnMap":{"0":{"name":"useCharactersQuery","decl":{"start":{"line":15,"column":16},"end":{"line":15,"column":34}},"loc":{"start":{"line":25,"column":27},"end":{"line":31,"column":1}},"line":25},"1":{"name":"(anonymous_1)","decl":{"start":{"line":17,"column":22},"end":{"line":17,"column":23}},"loc":{"start":{"line":17,"column":36},"end":{"line":23,"column":5}},"line":17},"2":{"name":"(anonymous_2)","decl":{"start":{"line":28,"column":4},"end":{"line":28,"column":5}},"loc":{"start":{"line":28,"column":27},"end":{"line":28,"column":61}},"line":28},"3":{"name":"useCharacterQuery","decl":{"start":{"line":39,"column":16},"end":{"line":39,"column":33}},"loc":{"start":{"line":39,"column":79},"end":{"line":41,"column":1}},"line":39},"4":{"name":"(anonymous_4)","decl":{"start":{"line":40,"column":39},"end":{"line":40,"column":40}},"loc":{"start":{"line":40,"column":45},"end":{"line":40,"column":61}},"line":40}},"branchMap":{"0":{"loc":{"start":{"line":16,"column":2},"end":{"line":24,"column":3}},"type":"default-arg","locations":[{"start":{"line":16,"column":12},"end":{"line":24,"column":3}}],"line":16},"1":{"loc":{"start":{"line":19,"column":6},"end":{"line":21,"column":7}},"type":"if","locations":[{"start":{"line":19,"column":6},"end":{"line":21,"column":7}},{"start":{},"end":{}}],"line":19},"2":{"loc":{"start":{"line":28,"column":7},"end":{"line":28,"column":20}},"type":"default-arg","locations":[{"start":{"line":28,"column":19},"end":{"line":28,"column":20}}],"line":28},"3":{"loc":{"start":{"line":39,"column":40},"end":{"line":39,"column":52}},"type":"default-arg","locations":[{"start":{"line":39,"column":50},"end":{"line":39,"column":52}}],"line":39}},"s":{"0":3,"1":3,"2":3,"3":0,"4":2,"5":1,"6":2,"7":1},"f":{"0":2,"1":3,"2":1,"3":2,"4":1},"b":{"0":[2],"1":[3,0],"2":[1],"3":[2]},"_coverageSchema":"1a1c01bbd47fc00a2c39e90264f33305004495a9","hash":"e0921d7e896133d565731a8a66940ec9d21bd8e9"}
,"/Users/rocalicode/Documents/dev/t1/data/operations/characters.ts": {"path":"/Users/rocalicode/Documents/dev/t1/data/operations/characters.ts","statementMap":{"0":{"start":{"line":12,"column":19},"end":{"line":12,"column":86}},"1":{"start":{"line":13,"column":2},"end":{"line":13,"column":14}},"2":{"start":{"line":20,"column":19},"end":{"line":20,"column":77}},"3":{"start":{"line":21,"column":2},"end":{"line":21,"column":14}}},"fnMap":{"0":{"name":"getCharacters","decl":{"start":{"line":11,"column":22},"end":{"line":11,"column":35}},"loc":{"start":{"line":11,"column":87},"end":{"line":14,"column":1}},"line":11},"1":{"name":"getCharacter","decl":{"start":{"line":19,"column":22},"end":{"line":19,"column":34}},"loc":{"start":{"line":19,"column":71},"end":{"line":22,"column":1}},"line":19}},"branchMap":{},"s":{"0":1,"1":1,"2":1,"3":1},"f":{"0":1,"1":1},"b":{},"_coverageSchema":"1a1c01bbd47fc00a2c39e90264f33305004495a9","hash":"3c7057007ee5a89552d5c0a66569456945c1f152"}
}
