{"/Users/rocalicode/Documents/dev/t1/expo-env.d.ts": {"path":"/Users/rocalicode/Documents/dev/t1/expo-env.d.ts","statementMap":{},"fnMap":{},"branchMap":{},"s":{},"f":{},"b":{}}
,"/Users/rocalicode/Documents/dev/t1/.expo/types/router.d.ts": {"path":"/Users/rocalicode/Documents/dev/t1/.expo/types/router.d.ts","statementMap":{},"fnMap":{},"branchMap":{},"s":{},"f":{},"b":{}}
,"/Users/rocalicode/Documents/dev/t1/app/_layout.tsx": {"path":"/Users/rocalicode/Documents/dev/t1/app/_layout.tsx","statementMap":{"0":{"start":{"line":8,"column":19},"end":{"line":8,"column":32}},"1":{"start":{"line":9,"column":21},"end":{"line":9,"column":40}},"2":{"start":{"line":11,"column":2},"end":{"line":21,"column":4}},"3":{"start":{"line":25,"column":2},"end":{"line":30,"column":4}}},"fnMap":{"0":{"name":"NavFooter","decl":{"start":{"line":7,"column":9},"end":{"line":7,"column":18}},"loc":{"start":{"line":7,"column":21},"end":{"line":22,"column":1}},"line":7},"1":{"name":"RootLayout","decl":{"start":{"line":24,"column":24},"end":{"line":24,"column":34}},"loc":{"start":{"line":24,"column":37},"end":{"line":31,"column":1}},"line":24}},"branchMap":{},"s":{"0":0,"1":0,"2":0,"3":0},"f":{"0":0,"1":0},"b":{}}
,"/Users/rocalicode/Documents/dev/t1/app/index.tsx": {"path":"/Users/rocalicode/Documents/dev/t1/app/index.tsx","statementMap":{},"fnMap":{},"branchMap":{},"s":{},"f":{},"b":{}}
,"/Users/rocalicode/Documents/dev/t1/app/(tabs)/page1/index.tsx": {"path":"/Users/rocalicode/Documents/dev/t1/app/(tabs)/page1/index.tsx","statementMap":{"0":{"start":{"line":5,"column":2},"end":{"line":15,"column":4}}},"fnMap":{"0":{"name":"Page1","decl":{"start":{"line":4,"column":24},"end":{"line":4,"column":29}},"loc":{"start":{"line":4,"column":32},"end":{"line":16,"column":1}},"line":4}},"branchMap":{},"s":{"0":0},"f":{"0":0},"b":{}}
,"/Users/rocalicode/Documents/dev/t1/app/(tabs)/page2/index.tsx": {"path":"/Users/rocalicode/Documents/dev/t1/app/(tabs)/page2/index.tsx","statementMap":{"0":{"start":{"line":5,"column":2},"end":{"line":15,"column":4}}},"fnMap":{"0":{"name":"Page1","decl":{"start":{"line":4,"column":24},"end":{"line":4,"column":29}},"loc":{"start":{"line":4,"column":32},"end":{"line":16,"column":1}},"line":4}},"branchMap":{},"s":{"0":0},"f":{"0":0},"b":{}}
,"/Users/rocalicode/Documents/dev/t1/app/base/index.tsx": {"path":"/Users/rocalicode/Documents/dev/t1/app/base/index.tsx","statementMap":{"0":{"start":{"line":13,"column":2},"end":{"line":20,"column":4}},"1":{"start":{"line":24,"column":48},"end":{"line":24,"column":76}},"2":{"start":{"line":25,"column":2},"end":{"line":25,"column":94}}},"fnMap":{"0":{"name":"BaseUI","decl":{"start":{"line":12,"column":16},"end":{"line":12,"column":22}},"loc":{"start":{"line":12,"column":83},"end":{"line":21,"column":1}},"line":12},"1":{"name":"Base","decl":{"start":{"line":23,"column":24},"end":{"line":23,"column":28}},"loc":{"start":{"line":23,"column":31},"end":{"line":26,"column":1}},"line":23}},"branchMap":{"0":{"loc":{"start":{"line":12,"column":36},"end":{"line":12,"column":53}},"type":"default-arg","locations":[{"start":{"line":12,"column":48},"end":{"line":12,"column":53}}],"line":12},"1":{"loc":{"start":{"line":17,"column":7},"end":{"line":17,"column":47}},"type":"cond-expr","locations":[{"start":{"line":17,"column":19},"end":{"line":17,"column":40}},{"start":{"line":17,"column":43},"end":{"line":17,"column":47}}],"line":17},"2":{"loc":{"start":{"line":18,"column":7},"end":{"line":18,"column":56}},"type":"cond-expr","locations":[{"start":{"line":18,"column":22},"end":{"line":18,"column":49}},{"start":{"line":18,"column":52},"end":{"line":18,"column":56}}],"line":18}},"s":{"0":2,"1":2,"2":2},"f":{"0":2,"1":2},"b":{"0":[0],"1":[1,1],"2":[0,2]},"_coverageSchema":"1a1c01bbd47fc00a2c39e90264f33305004495a9","hash":"596ef42895fc8fe68b67b8abcec5342236b09ea7"}
,"/Users/rocalicode/Documents/dev/t1/app/launch/index.tsx": {"path":"/Users/rocalicode/Documents/dev/t1/app/launch/index.tsx","statementMap":{"0":{"start":{"line":5,"column":2},"end":{"line":15,"column":4}}},"fnMap":{"0":{"name":"Launch","decl":{"start":{"line":4,"column":24},"end":{"line":4,"column":30}},"loc":{"start":{"line":4,"column":33},"end":{"line":16,"column":1}},"line":4}},"branchMap":{},"s":{"0":0},"f":{"0":0},"b":{}}
,"/Users/rocalicode/Documents/dev/t1/components/style/index.tsx": {"path":"/Users/rocalicode/Documents/dev/t1/components/style/index.tsx","statementMap":{"0":{"start":{"line":10,"column":15},"end":{"line":10,"column":54}},"1":{"start":{"line":15,"column":2},"end":{"line":15,"column":46}},"2":{"start":{"line":21,"column":2},"end":{"line":21,"column":46}},"3":{"start":{"line":27,"column":2},"end":{"line":27,"column":59}}},"fnMap":{"0":{"name":"View","decl":{"start":{"line":14,"column":16},"end":{"line":14,"column":20}},"loc":{"start":{"line":14,"column":46},"end":{"line":16,"column":1}},"line":14},"1":{"name":"Text","decl":{"start":{"line":20,"column":16},"end":{"line":20,"column":20}},"loc":{"start":{"line":20,"column":46},"end":{"line":22,"column":1}},"line":20},"2":{"name":"ActivityIndicator","decl":{"start":{"line":26,"column":16},"end":{"line":26,"column":33}},"loc":{"start":{"line":26,"column":59},"end":{"line":28,"column":1}},"line":26}},"branchMap":{},"s":{"0":1,"1":2,"2":4,"3":1},"f":{"0":2,"1":4,"2":1},"b":{},"_coverageSchema":"1a1c01bbd47fc00a2c39e90264f33305004495a9","hash":"efef7b55a4bd74995ed28d32199a6a672faeecb5"}
,"/Users/rocalicode/Documents/dev/t1/config/i18n/index.ts": {"path":"/Users/rocalicode/Documents/dev/t1/config/i18n/index.ts","statementMap":{"0":{"start":{"line":4,"column":13},"end":{"line":8,"column":2}},"1":{"start":{"line":10,"column":0},"end":{"line":10,"column":27}},"2":{"start":{"line":11,"column":0},"end":{"line":11,"column":26}},"3":{"start":{"line":12,"column":0},"end":{"line":12,"column":34}},"4":{"start":{"line":14,"column":61},"end":{"line":14,"column":83}}},"fnMap":{"0":{"name":"(anonymous_0)","decl":{"start":{"line":14,"column":15},"end":{"line":14,"column":16}},"loc":{"start":{"line":14,"column":61},"end":{"line":14,"column":83}},"line":14}},"branchMap":{},"s":{"0":1,"1":1,"2":1,"3":1,"4":2},"f":{"0":2},"b":{},"_coverageSchema":"1a1c01bbd47fc00a2c39e90264f33305004495a9","hash":"f8b165d91d3632d8d1bba146b2da2162a4bb348f"}
,"/Users/rocalicode/Documents/dev/t1/context/index.tsx": {"path":"/Users/rocalicode/Documents/dev/t1/context/index.tsx","statementMap":{"0":{"start":{"line":4,"column":20},"end":{"line":4,"column":37}},"1":{"start":{"line":9,"column":21},"end":{"line":11,"column":1}},"2":{"start":{"line":10,"column":2},"end":{"line":10,"column":84}}},"fnMap":{"0":{"name":"(anonymous_0)","decl":{"start":{"line":9,"column":21},"end":{"line":9,"column":22}},"loc":{"start":{"line":9,"column":58},"end":{"line":11,"column":1}},"line":9}},"branchMap":{},"s":{"0":1,"1":1,"2":1},"f":{"0":1},"b":{},"_coverageSchema":"1a1c01bbd47fc00a2c39e90264f33305004495a9","hash":"30b312fa9655781a70c6250fea0aabea68019714"}
,"/Users/rocalicode/Documents/dev/t1/data/api.ts": {"path":"/Users/rocalicode/Documents/dev/t1/data/api.ts","statementMap":{"0":{"start":{"line":13,"column":23},"end":{"line":13,"column":56}},"1":{"start":{"line":15,"column":29},"end":{"line":18,"column":2}}},"fnMap":{},"branchMap":{},"s":{"0":1,"1":1},"f":{},"b":{},"_coverageSchema":"1a1c01bbd47fc00a2c39e90264f33305004495a9","hash":"461f46a6369c6eb97aca6421d1f264cbf2064bf1"}
,"/Users/rocalicode/Documents/dev/t1/data/mock.ts": {"path":"/Users/rocalicode/Documents/dev/t1/data/mock.ts","statementMap":{"0":{"start":{"line":3,"column":38},"end":{"line":25,"column":1}},"1":{"start":{"line":27,"column":38},"end":{"line":49,"column":1}}},"fnMap":{},"branchMap":{},"s":{"0":1,"1":1},"f":{},"b":{},"_coverageSchema":"1a1c01bbd47fc00a2c39e90264f33305004495a9","hash":"8c700908215fbacb9703b399e9020cd1bd50f75d"}
,"/Users/rocalicode/Documents/dev/t1/data/model.ts": {"path":"/Users/rocalicode/Documents/dev/t1/data/model.ts","statementMap":{},"fnMap":{},"branchMap":{},"s":{},"f":{},"b":{}}
,"/Users/rocalicode/Documents/dev/t1/data/hooks/characters.ts": {"path":"/Users/rocalicode/Documents/dev/t1/data/hooks/characters.ts","statementMap":{"0":{"start":{"line":18,"column":22},"end":{"line":18,"column":40}},"1":{"start":{"line":19,"column":6},"end":{"line":21,"column":7}},"2":{"start":{"line":20,"column":8},"end":{"line":20,"column":58}},"3":{"start":{"line":22,"column":6},"end":{"line":22,"column":19}},"4":{"start":{"line":26,"column":2},"end":{"line":30,"column":4}},"5":{"start":{"line":28,"column":27},"end":{"line":28,"column":61}},"6":{"start":{"line":40,"column":2},"end":{"line":40,"column":72}},"7":{"start":{"line":40,"column":45},"end":{"line":40,"column":61}}},"fnMap":{"0":{"name":"useCharactersQuery","decl":{"start":{"line":15,"column":16},"end":{"line":15,"column":34}},"loc":{"start":{"line":25,"column":27},"end":{"line":31,"column":1}},"line":25},"1":{"name":"(anonymous_1)","decl":{"start":{"line":17,"column":22},"end":{"line":17,"column":23}},"loc":{"start":{"line":17,"column":36},"end":{"line":23,"column":5}},"line":17},"2":{"name":"(anonymous_2)","decl":{"start":{"line":28,"column":4},"end":{"line":28,"column":5}},"loc":{"start":{"line":28,"column":27},"end":{"line":28,"column":61}},"line":28},"3":{"name":"useCharacterQuery","decl":{"start":{"line":39,"column":16},"end":{"line":39,"column":33}},"loc":{"start":{"line":39,"column":79},"end":{"line":41,"column":1}},"line":39},"4":{"name":"(anonymous_4)","decl":{"start":{"line":40,"column":39},"end":{"line":40,"column":40}},"loc":{"start":{"line":40,"column":45},"end":{"line":40,"column":61}},"line":40}},"branchMap":{"0":{"loc":{"start":{"line":16,"column":2},"end":{"line":24,"column":3}},"type":"default-arg","locations":[{"start":{"line":16,"column":12},"end":{"line":24,"column":3}}],"line":16},"1":{"loc":{"start":{"line":19,"column":6},"end":{"line":21,"column":7}},"type":"if","locations":[{"start":{"line":19,"column":6},"end":{"line":21,"column":7}},{"start":{},"end":{}}],"line":19},"2":{"loc":{"start":{"line":28,"column":7},"end":{"line":28,"column":20}},"type":"default-arg","locations":[{"start":{"line":28,"column":19},"end":{"line":28,"column":20}}],"line":28},"3":{"loc":{"start":{"line":39,"column":40},"end":{"line":39,"column":52}},"type":"default-arg","locations":[{"start":{"line":39,"column":50},"end":{"line":39,"column":52}}],"line":39}},"s":{"0":0,"1":0,"2":0,"3":0,"4":0,"5":0,"6":2,"7":1},"f":{"0":0,"1":0,"2":0,"3":2,"4":1},"b":{"0":[0],"1":[0,0],"2":[0],"3":[2]},"_coverageSchema":"1a1c01bbd47fc00a2c39e90264f33305004495a9","hash":"e0921d7e896133d565731a8a66940ec9d21bd8e9"}
,"/Users/rocalicode/Documents/dev/t1/data/operations/characters.ts": {"path":"/Users/rocalicode/Documents/dev/t1/data/operations/characters.ts","statementMap":{"0":{"start":{"line":12,"column":19},"end":{"line":12,"column":86}},"1":{"start":{"line":13,"column":2},"end":{"line":13,"column":14}},"2":{"start":{"line":20,"column":19},"end":{"line":20,"column":77}},"3":{"start":{"line":21,"column":2},"end":{"line":21,"column":14}}},"fnMap":{"0":{"name":"getCharacters","decl":{"start":{"line":11,"column":22},"end":{"line":11,"column":35}},"loc":{"start":{"line":11,"column":87},"end":{"line":14,"column":1}},"line":11},"1":{"name":"getCharacter","decl":{"start":{"line":19,"column":22},"end":{"line":19,"column":34}},"loc":{"start":{"line":19,"column":71},"end":{"line":22,"column":1}},"line":19}},"branchMap":{},"s":{"0":0,"1":0,"2":1,"3":1},"f":{"0":0,"1":1},"b":{},"_coverageSchema":"1a1c01bbd47fc00a2c39e90264f33305004495a9","hash":"3c7057007ee5a89552d5c0a66569456945c1f152"}
}
