TN:
SF:expo-env.d.ts
FNF:0
FNH:0
LF:0
LH:0
BRF:0
BRH:0
end_of_record
TN:
SF:.expo/types/router.d.ts
FNF:0
FNH:0
LF:0
LH:0
BRF:0
BRH:0
end_of_record
TN:
SF:app/_layout.tsx
FN:7,NavFooter
FN:24,RootLayout
FNF:2
FNH:0
FNDA:0,NavFooter
FNDA:0,RootLayout
DA:8,0
DA:9,0
DA:11,0
DA:25,0
LF:4
LH:0
BRF:0
BRH:0
end_of_record
TN:
SF:app/index.tsx
FNF:0
FNH:0
LF:0
LH:0
BRF:0
BRH:0
end_of_record
TN:
SF:app/(tabs)/page1/index.tsx
FN:4,Page1
FNF:1
FNH:0
FNDA:0,Page1
DA:5,0
LF:1
LH:0
BRF:0
BRH:0
end_of_record
TN:
SF:app/(tabs)/page2/index.tsx
FN:4,Page1
FNF:1
FNH:0
FNDA:0,Page1
DA:5,0
LF:1
LH:0
BRF:0
BRH:0
end_of_record
TN:
SF:app/base/index.tsx
FN:12,BaseUI
FN:23,Base
FNF:2
FNH:2
FNDA:2,BaseUI
FNDA:2,Base
DA:13,2
DA:24,2
DA:25,2
LF:3
LH:3
BRDA:12,0,0,0
BRDA:17,1,0,1
BRDA:17,1,1,1
BRDA:18,2,0,0
BRDA:18,2,1,2
BRF:5
BRH:3
end_of_record
TN:
SF:app/launch/index.tsx
FN:4,Launch
FNF:1
FNH:0
FNDA:0,Launch
DA:5,0
LF:1
LH:0
BRF:0
BRH:0
end_of_record
TN:
SF:components/style/index.tsx
FN:14,View
FN:20,Text
FN:26,ActivityIndicator
FNF:3
FNH:3
FNDA:2,View
FNDA:4,Text
FNDA:1,ActivityIndicator
DA:10,1
DA:15,2
DA:21,4
DA:27,1
LF:4
LH:4
BRF:0
BRH:0
end_of_record
TN:
SF:config/i18n/index.ts
FN:14,(anonymous_0)
FNF:1
FNH:1
FNDA:2,(anonymous_0)
DA:4,1
DA:10,1
DA:11,1
DA:12,1
DA:14,2
LF:5
LH:5
BRF:0
BRH:0
end_of_record
TN:
SF:context/index.tsx
FN:9,(anonymous_0)
FNF:1
FNH:1
FNDA:1,(anonymous_0)
DA:4,1
DA:9,1
DA:10,1
LF:3
LH:3
BRF:0
BRH:0
end_of_record
TN:
SF:data/api.ts
FNF:0
FNH:0
DA:13,1
DA:15,1
LF:2
LH:2
BRF:0
BRH:0
end_of_record
TN:
SF:data/mock.ts
FNF:0
FNH:0
DA:3,1
DA:27,1
LF:2
LH:2
BRF:0
BRH:0
end_of_record
TN:
SF:data/model.ts
FNF:0
FNH:0
LF:0
LH:0
BRF:0
BRH:0
end_of_record
TN:
SF:data/hooks/characters.ts
FN:15,useCharactersQuery
FN:17,(anonymous_1)
FN:28,(anonymous_2)
FN:39,useCharacterQuery
FN:40,(anonymous_4)
FNF:5
FNH:2
FNDA:0,useCharactersQuery
FNDA:0,(anonymous_1)
FNDA:0,(anonymous_2)
FNDA:2,useCharacterQuery
FNDA:1,(anonymous_4)
DA:18,0
DA:19,0
DA:20,0
DA:22,0
DA:26,0
DA:28,0
DA:40,2
LF:7
LH:1
BRDA:16,0,0,0
BRDA:19,1,0,0
BRDA:19,1,1,0
BRDA:28,2,0,0
BRDA:39,3,0,2
BRF:5
BRH:1
end_of_record
TN:
SF:data/operations/characters.ts
FN:11,getCharacters
FN:19,getCharacter
FNF:2
FNH:1
FNDA:0,getCharacters
FNDA:1,getCharacter
DA:12,0
DA:13,0
DA:20,1
DA:21,1
LF:4
LH:2
BRF:0
BRH:0
end_of_record
