TN:
SF:expo-env.d.ts
FNF:0
FNH:0
LF:0
LH:0
BRF:0
BRH:0
end_of_record
TN:
SF:.expo/types/router.d.ts
FNF:0
FNH:0
LF:0
LH:0
BRF:0
BRH:0
end_of_record
TN:
SF:app/_layout.tsx
FN:11,RootLayout
FN:15,(anonymous_1)
FN:25,(anonymous_2)
FNF:3
FNH:0
FNDA:0,RootLayout
FNDA:0,(anonymous_1)
FNDA:0,(anonymous_2)
DA:9,0
DA:12,0
DA:13,0
DA:15,0
DA:16,0
DA:19,0
DA:25,0
DA:26,0
DA:27,0
DA:31,0
DA:32,0
DA:35,0
LF:12
LH:0
BRDA:26,0,0,0
BRDA:26,0,1,0
BRDA:31,1,0,0
BRDA:31,1,1,0
BRF:4
BRH:0
end_of_record
TN:
SF:app/index.tsx
FNF:0
FNH:0
LF:0
LH:0
BRF:0
BRH:0
end_of_record
TN:
SF:app/(tabs)/characters/[id].tsx
FN:14,CharacterUI
FN:32,CharacterDetail
FNF:2
FNH:2
FNDA:2,CharacterUI
FNDA:2,CharacterDetail
DA:15,2
DA:33,2
DA:34,2
DA:35,2
LF:4
LH:4
BRDA:18,0,0,1
BRDA:18,0,1,1
BRDA:18,1,0,2
BRDA:18,1,1,0
BRF:4
BRH:3
end_of_record
TN:
SF:app/(tabs)/characters/index.tsx
FN:19,CharactersUI
FN:27,(anonymous_1)
FN:32,(anonymous_2)
FN:45,(anonymous_3)
FN:47,(anonymous_4)
FN:58,Characters
FN:62,(anonymous_6)
FN:62,(anonymous_7)
FN:70,(anonymous_8)
FN:71,(anonymous_9)
FN:72,(anonymous_10)
FNF:11
FNH:8
FNDA:2,CharactersUI
FNDA:10,(anonymous_1)
FNDA:1,(anonymous_2)
FNDA:13,(anonymous_3)
FNDA:0,(anonymous_4)
FNDA:2,Characters
FNDA:1,(anonymous_6)
FNDA:1,(anonymous_7)
FNDA:1,(anonymous_8)
FNDA:0,(anonymous_9)
FNDA:0,(anonymous_10)
DA:27,2
DA:28,10
DA:32,1
DA:37,2
DA:45,13
DA:47,0
DA:59,2
DA:62,2
DA:65,2
DA:70,1
DA:71,0
DA:73,0
LF:12
LH:9
BRDA:21,0,0,0
BRDA:22,1,0,0
BRDA:44,2,0,1
BRDA:44,2,1,1
BRDA:62,3,0,2
BRDA:62,3,1,1
BRDA:62,4,0,1
BRDA:62,4,1,0
BRF:8
BRH:5
end_of_record
TN:
SF:components/Card/index.tsx
FN:9,(anonymous_0)
FN:17,(anonymous_1)
FN:30,Card
FNF:3
FNH:3
FNDA:11,(anonymous_0)
FNDA:11,(anonymous_1)
FNDA:11,Card
DA:5,2
DA:9,11
DA:13,2
DA:17,11
DA:20,2
DA:31,11
LF:6
LH:6
BRF:0
BRH:0
end_of_record
TN:
SF:components/NavHeader/index.tsx
FN:8,(anonymous_0)
FN:25,NavHeader
FNF:2
FNH:2
FNDA:4,(anonymous_0)
FNDA:4,NavHeader
DA:4,2
DA:8,4
DA:14,2
DA:26,4
LF:4
LH:4
BRF:0
BRH:0
end_of_record
TN:
SF:components/style/index.tsx
FN:21,(anonymous_0)
FN:31,(anonymous_1)
FN:42,(anonymous_2)
FN:43,(anonymous_3)
FN:44,(anonymous_4)
FN:45,(anonymous_5)
FNF:6
FNH:6
FNDA:74,(anonymous_0)
FNDA:74,(anonymous_1)
FNDA:74,(anonymous_2)
FNDA:74,(anonymous_3)
FNDA:74,(anonymous_4)
FNDA:74,(anonymous_5)
DA:3,2
DA:7,2
DA:11,2
DA:21,2
DA:22,74
DA:28,74
DA:31,2
DA:32,74
DA:38,74
DA:41,2
DA:42,74
DA:43,74
DA:44,74
DA:45,74
DA:48,2
DA:50,2
LF:16
LH:16
BRDA:42,0,0,0
BRDA:42,1,0,74
BRDA:42,1,1,15
BRDA:43,2,0,0
BRDA:45,3,0,0
BRF:5
BRH:2
end_of_record
TN:
SF:config/i18n/index.ts
FN:15,(anonymous_0)
FNF:1
FNH:1
FNDA:4,(anonymous_0)
DA:4,2
DA:11,2
DA:12,2
DA:13,2
DA:15,4
LF:5
LH:5
BRF:0
BRH:0
end_of_record
TN:
SF:config/theme/index.tsx
FN:85,(anonymous_0)
FNF:1
FNH:1
FNDA:2,(anonymous_0)
DA:6,2
DA:44,2
DA:85,2
DA:86,2
DA:87,2
DA:88,2
LF:6
LH:6
BRDA:87,0,0,0
BRDA:87,0,1,2
BRF:2
BRH:1
end_of_record
TN:
SF:config/theme/types.d.ts
FNF:0
FNH:0
LF:0
LH:0
BRF:0
BRH:0
end_of_record
TN:
SF:context/index.tsx
FN:10,(anonymous_0)
FNF:1
FNH:1
FNDA:2,(anonymous_0)
DA:5,2
DA:10,2
DA:11,2
LF:3
LH:3
BRF:0
BRH:0
end_of_record
TN:
SF:data/api.ts
FNF:0
FNH:0
DA:13,2
DA:15,2
LF:2
LH:2
BRF:0
BRH:0
end_of_record
TN:
SF:data/mock.ts
FNF:0
FNH:0
DA:3,2
DA:27,2
LF:2
LH:2
BRF:0
BRH:0
end_of_record
TN:
SF:data/model.ts
FNF:0
FNH:0
LF:0
LH:0
BRF:0
BRH:0
end_of_record
TN:
SF:data/hooks/characters.ts
FN:15,useCharactersQuery
FN:17,(anonymous_1)
FN:28,(anonymous_2)
FN:39,useCharacterQuery
FN:40,(anonymous_4)
FNF:5
FNH:5
FNDA:2,useCharactersQuery
FNDA:3,(anonymous_1)
FNDA:1,(anonymous_2)
FNDA:2,useCharacterQuery
FNDA:1,(anonymous_4)
DA:18,3
DA:19,3
DA:20,3
DA:22,0
DA:26,2
DA:28,1
DA:40,2
LF:7
LH:6
BRDA:16,0,0,2
BRDA:19,1,0,3
BRDA:19,1,1,0
BRDA:28,2,0,1
BRDA:39,3,0,2
BRF:5
BRH:4
end_of_record
TN:
SF:data/operations/characters.ts
FN:11,getCharacters
FN:19,getCharacter
FNF:2
FNH:2
FNDA:1,getCharacters
FNDA:1,getCharacter
DA:12,1
DA:13,1
DA:20,1
DA:21,1
LF:4
LH:4
BRF:0
BRH:0
end_of_record
